[2019-12-27 16:09:29,863] - Log.py - 38 - root - INFO - 日志记录--险种对比成功---京QE83U2--单商业  （基本险（车损、三者、司机座位、乘客座位、盗抢）+附加险（划痕、玻璃(国产)、自燃损失、涉水、车损无发找第三方、指定修理厂(国产)）无不计免赔）--{
  "CheSun": {
    "BaoE": 56106,
    "BaoFei": 1176.71
  },
  "ChengKe": {
    "BaoE": 2000,
    "BaoFei": 13.26
  },
  "DaoQiang": {
    "BaoE": 56106,
    "BaoFei": 266.07
  },
  "HcSanFangTeYue": {
    "BaoE": 1,
    "BaoFei": 29.42
  },
  "HcXiuLiChang": {
    "BaoE": 0.3,
    "BaoFei": 353.02
  },
  "HuaHen": {
    "BaoE": 2000,
    "BaoFei": 388.88
  },
  "SanZhe": {
    "BaoE": 500000,
    "BaoFei": 938.4
  },
  "SheShui": {
    "BaoE": 1,
    "BaoFei": 58.83
  },
  "SiJi": {
    "BaoE": 2000,
    "BaoFei": 5.23
  },
  "ZiRan": {
    "BaoE": 56106,
    "BaoFei": 107.3
  },
  "交强": 0,
  "交强起保时间": "",
  "保险公司": "1",
  "商业": 3432.57,
  "商业起保时间": "2019-12-28",
  "报价城市": "1",
  "报价状态": "报价成功",
  "报价耗时": 0,
  "报价请求": "请求发送成功",
  "续保结果": "续保成功",
  "获取结果": "1.车牌号京QE83U2: 商业险上年保险止期：20191216.",
  "请求用例": "单商业  （基本险（车损、三者、司机座位、乘客座位、盗抢）+附加险（划痕、玻璃(国产)、自燃损失、涉水、车损无发找第三方、指定修理厂(国产)）无不计免赔）",
  "请求用例id": "5",
  "车船": 0
}
[2019-12-27 16:10:42,300] - Log.py - 38 - root - INFO - 日志记录--险种对比成功---京GVF085--交强险--{
  "BizTotal": 0,
  "ForceTotal": 576.49,
  "TaxTotal": 750,
  "交强": 576.49,
  "交强起保时间": "2020-01-21",
  "保险公司": "1",
  "商业": 0,
  "商业起保时间": "",
  "报价城市": "1",
  "报价状态": "报价成功",
  "报价耗时": 0,
  "报价请求": "请求发送成功",
  "续保结果": "续保成功",
  "获取结果": "1.车牌号京GVF085: 交强险上年保险止期：20200120 24:00",
  "请求用例": "交强险",
  "请求用例id": "1",
  "车船": 750
}
[2019-12-27 16:12:00,476] - Log.py - 38 - root - INFO - 日志记录--险种对比成功---京GVF085--双险种  （基本险（车损、三者、司机座位、乘客座位、盗抢）+附加险（划痕、玻璃(国产)、自燃损失、涉水、车损无发找第三方、指定修理厂(国产)无不计免赔）--{
  "CheSun": {
    "BaoE": 147046,
    "BaoFei": 1845.57
  },
  "ChengKe": {
    "BaoE": 2000,
    "BaoFei": 11.27
  },
  "DaoQiang": {
    "BaoE": 147046,
    "BaoFei": 487.33
  },
  "HcSanFangTeYue": {
    "BaoE": 1,
    "BaoFei": 46.14
  },
  "HcXiuLiChang": {
    "BaoE": 0.3,
    "BaoFei": 553.67
  },
  "HuaHen": {
    "BaoE": 2000,
    "BaoFei": 330.54
  },
  "SanZhe": {
    "BaoE": 500000,
    "BaoFei": 797.64
  },
  "SheShui": {
    "BaoE": 1,
    "BaoFei": 92.28
  },
  "SiJi": {
    "BaoE": 2000,
    "BaoFei": 4.44
  },
  "ZiRan": {
    "BaoE": 147046,
    "BaoFei": 159.36
  },
  "交强": 576.49,
  "交强起保时间": "2020-01-21",
  "保险公司": "1",
  "商业": 4539.09,
  "商业起保时间": "2020-01-21",
  "报价城市": "1",
  "报价状态": "报价成功",
  "报价耗时": 0,
  "报价请求": "请求发送成功",
  "续保结果": "续保成功",
  "获取结果": "1.车牌号京GVF085: 交强险上年保险止期：20200120 24:00 商业险上年保险止期：20200120.",
  "请求用例": "双险种  （基本险（车损、三者、司机座位、乘客座位、盗抢）+附加险（划痕、玻璃(国产)、自燃损失、涉水、车损无发找第三方、指定修理厂(国产)无不计免赔）",
  "请求用例id": "9",
  "车船": 750
}
[2019-12-27 16:14:28,592] - Log.py - 38 - root - INFO - 日志记录--险种对比成功---京NL5Z61--单商业  （基本险（车损、三者、司机座位、乘客座位、盗抢）+附加险（划痕、玻璃(国产)、自燃损失、涉水、车损无发找第三方、指定修理厂(国产)）无不计免赔）--{
  "CheSun": {
    "BaoE": 78101,
    "BaoFei": 1751.23
  },
  "ChengKe": {
    "BaoE": 2000,
    "BaoFei": 16.58
  },
  "DaoQiang": {
    "BaoE": 78101,
    "BaoFei": 425.48
  },
  "HcSanFangTeYue": {
    "BaoE": 1,
    "BaoFei": 43.78
  },
  "HcXiuLiChang": {
    "BaoE": 0.3,
    "BaoFei": 525.37
  },
  "HuaHen": {
    "BaoE": 2000,
    "BaoFei": 486.09
  },
  "SanZhe": {
    "BaoE": 500000,
    "BaoFei": 1173
  },
  "SheShui": {
    "BaoE": 1,
    "BaoFei": 87.56
  },
  "SiJi": {
    "BaoE": 2000,
    "BaoFei": 6.53
  },
  "ZiRan": {
    "BaoE": 78101,
    "BaoFei": 186.71
  },
  "交强": 0,
  "交强起保时间": "",
  "保险公司": "1",
  "商业": 4885.38,
  "商业起保时间": "2019-12-28",
  "报价城市": "1",
  "报价状态": "报价成功",
  "报价耗时": 0,
  "报价请求": "请求发送成功",
  "续保结果": "续保成功",
  "获取结果": "1.车牌号京NL5Z61: 商业险上年保险止期：20191225.",
  "请求用例": "单商业  （基本险（车损、三者、司机座位、乘客座位、盗抢）+附加险（划痕、玻璃(国产)、自燃损失、涉水、车损无发找第三方、指定修理厂(国产)）无不计免赔）",
  "请求用例id": "5",
  "车船": 0
}
