[2019-12-27 13:48:09,269] - LogBug.py - 40 - root - DEBUG - 日志记录--险种对比失败---WAURGB4H5CN016603--交强险--{
  "BizTotal": 0,
  "TaxTotal": 0,
  "交强": 0,
  "交强起保时间": "",
  "保险公司": "2",
  "商业": 0,
  "商业起保时间": "",
  "报价城市": "1",
  "报价状态": "报价失败",
  "报价耗时": 0,
  "报价请求": "请求发送成功",
  "续保结果": "续保成功",
  "获取结果": "未从保司获取到往年的投保记录【建议补全带星号的关系人和车三项信息,转新增报价处理】",
  "请求用例": "交强险",
  "请求用例id": "1",
  "车船": 0
}
[2019-12-27 13:48:43,062] - LogBug.py - 40 - root - DEBUG - 日志记录--险种对比失败---WAURGB4H5CN016603--单商业  （基本险（车损、三者、司机座位、乘客座位、盗抢）+附加险（划痕、玻璃(国产)、自燃损失、涉水、车损无发找第三方、指定修理厂(国产)）无不计免赔）--{
  "CheSun": {
    "BaoE": 1,
    "BaoFei": 0
  },
  "ChengKe": {
    "BaoE": 2000,
    "BaoFei": 0
  },
  "DaoQiang": {
    "BaoE": 1,
    "BaoFei": 0
  },
  "HcSanFangTeYue": {
    "BaoE": 1,
    "BaoFei": 0
  },
  "HcXiuLiChang": {
    "BaoE": 0.3,
    "BaoFei": 0
  },
  "HuaHen": {
    "BaoE": 2000,
    "BaoFei": 0
  },
  "SanZhe": {
    "BaoE": 500000,
    "BaoFei": 0
  },
  "SheShui": {
    "BaoE": 1,
    "BaoFei": 0
  },
  "SiJi": {
    "BaoE": 2000,
    "BaoFei": 0
  },
  "ZiRan": {
    "BaoE": 1,
    "BaoFei": 0
  },
  "交强": 0,
  "交强起保时间": "",
  "保险公司": "2",
  "商业": 0,
  "商业起保时间": "",
  "报价城市": "1",
  "报价状态": "报价失败",
  "报价耗时": 0,
  "报价请求": "请求发送成功",
  "续保结果": "续保成功",
  "获取结果": "未从保司获取到往年的投保记录【建议补全带星号的关系人和车三项信息,转新增报价处理】",
  "请求用例": "单商业  （基本险（车损、三者、司机座位、乘客座位、盗抢）+附加险（划痕、玻璃(国产)、自燃损失、涉水、车损无发找第三方、指定修理厂(国产)）无不计免赔）",
  "请求用例id": "5",
  "车船": 0
}
[2019-12-27 13:49:16,957] - LogBug.py - 40 - root - DEBUG - 日志记录--险种对比失败---WAURGB4H5CN016603--双险种  （基本险（车损、三者、司机座位、乘客座位、盗抢）+附加险（划痕、玻璃(国产)、自燃损失、涉水、车损无发找第三方、指定修理厂(国产)无不计免赔）--{
  "CheSun": {
    "BaoE": 1,
    "BaoFei": 0
  },
  "ChengKe": {
    "BaoE": 2000,
    "BaoFei": 0
  },
  "DaoQiang": {
    "BaoE": 1,
    "BaoFei": 0
  },
  "HcSanFangTeYue": {
    "BaoE": 1,
    "BaoFei": 0
  },
  "HcXiuLiChang": {
    "BaoE": 0.3,
    "BaoFei": 0
  },
  "HuaHen": {
    "BaoE": 2000,
    "BaoFei": 0
  },
  "SanZhe": {
    "BaoE": 500000,
    "BaoFei": 0
  },
  "SheShui": {
    "BaoE": 1,
    "BaoFei": 0
  },
  "SiJi": {
    "BaoE": 2000,
    "BaoFei": 0
  },
  "ZiRan": {
    "BaoE": 1,
    "BaoFei": 0
  },
  "交强": 0,
  "交强起保时间": "",
  "保险公司": "2",
  "商业": 0,
  "商业起保时间": "",
  "报价城市": "1",
  "报价状态": "报价失败",
  "报价耗时": 0,
  "报价请求": "请求发送成功",
  "续保结果": "续保成功",
  "获取结果": "未从保司获取到往年的投保记录【建议补全带星号的关系人和车三项信息,转新增报价处理】",
  "请求用例": "双险种  （基本险（车损、三者、司机座位、乘客座位、盗抢）+附加险（划痕、玻璃(国产)、自燃损失、涉水、车损无发找第三方、指定修理厂(国产)无不计免赔）",
  "请求用例id": "9",
  "车船": 0
}
[2019-12-27 13:49:55,056] - LogBug.py - 40 - root - DEBUG - 日志记录--险种对比失败---LFPM4ACC0C1A90883--交强险--{
  "BizTotal": 0,
  "TaxTotal": 0,
  "交强": 0,
  "交强起保时间": "",
  "保险公司": "2",
  "商业": 0,
  "商业起保时间": "",
  "报价城市": "1",
  "报价状态": "报价失败",
  "报价耗时": 2,
  "报价请求": "请求发送成功",
  "续保结果": "续保成功",
  "获取结果": "未从保司获取到往年的投保记录【建议补全带星号的关系人和车三项信息,转新增报价处理】",
  "请求用例": "交强险",
  "请求用例id": "1",
  "车船": 0
}
[2019-12-27 13:50:28,740] - LogBug.py - 40 - root - DEBUG - 日志记录--险种对比失败---LFPM4ACC0C1A90883--单商业  （基本险（车损、三者、司机座位、乘客座位、盗抢）+附加险（划痕、玻璃(国产)、自燃损失、涉水、车损无发找第三方、指定修理厂(国产)）无不计免赔）--{
  "CheSun": {
    "BaoE": 1,
    "BaoFei": 0
  },
  "ChengKe": {
    "BaoE": 2000,
    "BaoFei": 0
  },
  "DaoQiang": {
    "BaoE": 1,
    "BaoFei": 0
  },
  "HcSanFangTeYue": {
    "BaoE": 1,
    "BaoFei": 0
  },
  "HcXiuLiChang": {
    "BaoE": 0.3,
    "BaoFei": 0
  },
  "HuaHen": {
    "BaoE": 2000,
    "BaoFei": 0
  },
  "SanZhe": {
    "BaoE": 500000,
    "BaoFei": 0
  },
  "SheShui": {
    "BaoE": 1,
    "BaoFei": 0
  },
  "SiJi": {
    "BaoE": 2000,
    "BaoFei": 0
  },
  "ZiRan": {
    "BaoE": 1,
    "BaoFei": 0
  },
  "交强": 0,
  "交强起保时间": "",
  "保险公司": "2",
  "商业": 0,
  "商业起保时间": "",
  "报价城市": "1",
  "报价状态": "报价失败",
  "报价耗时": 0,
  "报价请求": "请求发送成功",
  "续保结果": "续保成功",
  "获取结果": "未从保司获取到往年的投保记录【建议补全带星号的关系人和车三项信息,转新增报价处理】",
  "请求用例": "单商业  （基本险（车损、三者、司机座位、乘客座位、盗抢）+附加险（划痕、玻璃(国产)、自燃损失、涉水、车损无发找第三方、指定修理厂(国产)）无不计免赔）",
  "请求用例id": "5",
  "车船": 0
}
[2019-12-27 13:51:02,440] - LogBug.py - 40 - root - DEBUG - 日志记录--险种对比失败---LFPM4ACC0C1A90883--双险种  （基本险（车损、三者、司机座位、乘客座位、盗抢）+附加险（划痕、玻璃(国产)、自燃损失、涉水、车损无发找第三方、指定修理厂(国产)无不计免赔）--{
  "CheSun": {
    "BaoE": 1,
    "BaoFei": 0
  },
  "ChengKe": {
    "BaoE": 2000,
    "BaoFei": 0
  },
  "DaoQiang": {
    "BaoE": 1,
    "BaoFei": 0
  },
  "HcSanFangTeYue": {
    "BaoE": 1,
    "BaoFei": 0
  },
  "HcXiuLiChang": {
    "BaoE": 0.3,
    "BaoFei": 0
  },
  "HuaHen": {
    "BaoE": 2000,
    "BaoFei": 0
  },
  "SanZhe": {
    "BaoE": 500000,
    "BaoFei": 0
  },
  "SheShui": {
    "BaoE": 1,
    "BaoFei": 0
  },
  "SiJi": {
    "BaoE": 2000,
    "BaoFei": 0
  },
  "ZiRan": {
    "BaoE": 1,
    "BaoFei": 0
  },
  "交强": 0,
  "交强起保时间": "",
  "保险公司": "2",
  "商业": 0,
  "商业起保时间": "",
  "报价城市": "1",
  "报价状态": "报价失败",
  "报价耗时": 0,
  "报价请求": "请求发送成功",
  "续保结果": "续保成功",
  "获取结果": "未从保司获取到往年的投保记录【建议补全带星号的关系人和车三项信息,转新增报价处理】",
  "请求用例": "双险种  （基本险（车损、三者、司机座位、乘客座位、盗抢）+附加险（划痕、玻璃(国产)、自燃损失、涉水、车损无发找第三方、指定修理厂(国产)无不计免赔）",
  "请求用例id": "9",
  "车船": 0
}
[2019-12-27 13:51:40,522] - LogBug.py - 40 - root - DEBUG - 日志记录--险种对比失败---LBEMDAEC3EZ540683--交强险--{
  "BizTotal": 0,
  "TaxTotal": 0,
  "交强": 0,
  "交强起保时间": "",
  "保险公司": "2",
  "商业": 0,
  "商业起保时间": "",
  "报价城市": "1",
  "报价状态": "报价失败",
  "报价耗时": 1,
  "报价请求": "请求发送成功",
  "续保结果": "续保成功",
  "获取结果": "未从保司获取到往年的投保记录【建议补全带星号的关系人和车三项信息,转新增报价处理】",
  "请求用例": "交强险",
  "请求用例id": "1",
  "车船": 0
}
[2019-12-27 13:52:14,061] - LogBug.py - 40 - root - DEBUG - 日志记录--险种对比失败---LBEMDAEC3EZ540683--单商业  （基本险（车损、三者、司机座位、乘客座位、盗抢）+附加险（划痕、玻璃(国产)、自燃损失、涉水、车损无发找第三方、指定修理厂(国产)）无不计免赔）--{
  "CheSun": {
    "BaoE": 1,
    "BaoFei": 0
  },
  "ChengKe": {
    "BaoE": 2000,
    "BaoFei": 0
  },
  "DaoQiang": {
    "BaoE": 1,
    "BaoFei": 0
  },
  "HcSanFangTeYue": {
    "BaoE": 1,
    "BaoFei": 0
  },
  "HcXiuLiChang": {
    "BaoE": 0.3,
    "BaoFei": 0
  },
  "HuaHen": {
    "BaoE": 2000,
    "BaoFei": 0
  },
  "SanZhe": {
    "BaoE": 500000,
    "BaoFei": 0
  },
  "SheShui": {
    "BaoE": 1,
    "BaoFei": 0
  },
  "SiJi": {
    "BaoE": 2000,
    "BaoFei": 0
  },
  "ZiRan": {
    "BaoE": 1,
    "BaoFei": 0
  },
  "交强": 0,
  "交强起保时间": "",
  "保险公司": "2",
  "商业": 0,
  "商业起保时间": "",
  "报价城市": "1",
  "报价状态": "报价失败",
  "报价耗时": 0,
  "报价请求": "请求发送成功",
  "续保结果": "续保成功",
  "获取结果": "未从保司获取到往年的投保记录【建议补全带星号的关系人和车三项信息,转新增报价处理】",
  "请求用例": "单商业  （基本险（车损、三者、司机座位、乘客座位、盗抢）+附加险（划痕、玻璃(国产)、自燃损失、涉水、车损无发找第三方、指定修理厂(国产)）无不计免赔）",
  "请求用例id": "5",
  "车船": 0
}
[2019-12-27 13:52:47,910] - LogBug.py - 40 - root - DEBUG - 日志记录--险种对比失败---LBEMDAEC3EZ540683--双险种  （基本险（车损、三者、司机座位、乘客座位、盗抢）+附加险（划痕、玻璃(国产)、自燃损失、涉水、车损无发找第三方、指定修理厂(国产)无不计免赔）--{
  "CheSun": {
    "BaoE": 1,
    "BaoFei": 0
  },
  "ChengKe": {
    "BaoE": 2000,
    "BaoFei": 0
  },
  "DaoQiang": {
    "BaoE": 1,
    "BaoFei": 0
  },
  "HcSanFangTeYue": {
    "BaoE": 1,
    "BaoFei": 0
  },
  "HcXiuLiChang": {
    "BaoE": 0.3,
    "BaoFei": 0
  },
  "HuaHen": {
    "BaoE": 2000,
    "BaoFei": 0
  },
  "SanZhe": {
    "BaoE": 500000,
    "BaoFei": 0
  },
  "SheShui": {
    "BaoE": 1,
    "BaoFei": 0
  },
  "SiJi": {
    "BaoE": 2000,
    "BaoFei": 0
  },
  "ZiRan": {
    "BaoE": 1,
    "BaoFei": 0
  },
  "交强": 0,
  "交强起保时间": "",
  "保险公司": "2",
  "商业": 0,
  "商业起保时间": "",
  "报价城市": "1",
  "报价状态": "报价失败",
  "报价耗时": 1,
  "报价请求": "请求发送成功",
  "续保结果": "续保成功",
  "获取结果": "未从保司获取到往年的投保记录【建议补全带星号的关系人和车三项信息,转新增报价处理】",
  "请求用例": "双险种  （基本险（车损、三者、司机座位、乘客座位、盗抢）+附加险（划痕、玻璃(国产)、自燃损失、涉水、车损无发找第三方、指定修理厂(国产)无不计免赔）",
  "请求用例id": "9",
  "车船": 0
}
[2019-12-27 13:53:24,770] - LogBug.py - 40 - root - DEBUG - 日志记录--险种对比失败---WDDSJ4HB3JN550824--交强险--{
  "BizTotal": 0,
  "TaxTotal": 0,
  "交强": 0,
  "交强起保时间": "",
  "保险公司": "2",
  "商业": 0,
  "商业起保时间": "",
  "报价城市": "1",
  "报价状态": "报价失败",
  "报价耗时": 1,
  "报价请求": "请求发送成功",
  "续保结果": "续保成功",
  "获取结果": "未从保司获取到往年的投保记录【建议补全带星号的关系人和车三项信息,转新增报价处理】",
  "请求用例": "交强险",
  "请求用例id": "1",
  "车船": 0
}
[2019-12-27 13:53:58,565] - LogBug.py - 40 - root - DEBUG - 日志记录--险种对比失败---WDDSJ4HB3JN550824--单商业  （基本险（车损、三者、司机座位、乘客座位、盗抢）+附加险（划痕、玻璃(国产)、自燃损失、涉水、车损无发找第三方、指定修理厂(国产)）无不计免赔）--{
  "CheSun": {
    "BaoE": 1,
    "BaoFei": 0
  },
  "ChengKe": {
    "BaoE": 2000,
    "BaoFei": 0
  },
  "DaoQiang": {
    "BaoE": 1,
    "BaoFei": 0
  },
  "HcSanFangTeYue": {
    "BaoE": 1,
    "BaoFei": 0
  },
  "HcXiuLiChang": {
    "BaoE": 0.3,
    "BaoFei": 0
  },
  "HuaHen": {
    "BaoE": 2000,
    "BaoFei": 0
  },
  "SanZhe": {
    "BaoE": 500000,
    "BaoFei": 0
  },
  "SheShui": {
    "BaoE": 1,
    "BaoFei": 0
  },
  "SiJi": {
    "BaoE": 2000,
    "BaoFei": 0
  },
  "ZiRan": {
    "BaoE": 1,
    "BaoFei": 0
  },
  "交强": 0,
  "交强起保时间": "",
  "保险公司": "2",
  "商业": 0,
  "商业起保时间": "",
  "报价城市": "1",
  "报价状态": "报价失败",
  "报价耗时": 0,
  "报价请求": "请求发送成功",
  "续保结果": "续保成功",
  "获取结果": "未从保司获取到往年的投保记录【建议补全带星号的关系人和车三项信息,转新增报价处理】",
  "请求用例": "单商业  （基本险（车损、三者、司机座位、乘客座位、盗抢）+附加险（划痕、玻璃(国产)、自燃损失、涉水、车损无发找第三方、指定修理厂(国产)）无不计免赔）",
  "请求用例id": "5",
  "车船": 0
}
[2019-12-27 13:54:32,359] - LogBug.py - 40 - root - DEBUG - 日志记录--险种对比失败---WDDSJ4HB3JN550824--双险种  （基本险（车损、三者、司机座位、乘客座位、盗抢）+附加险（划痕、玻璃(国产)、自燃损失、涉水、车损无发找第三方、指定修理厂(国产)无不计免赔）--{
  "CheSun": {
    "BaoE": 1,
    "BaoFei": 0
  },
  "ChengKe": {
    "BaoE": 2000,
    "BaoFei": 0
  },
  "DaoQiang": {
    "BaoE": 1,
    "BaoFei": 0
  },
  "HcSanFangTeYue": {
    "BaoE": 1,
    "BaoFei": 0
  },
  "HcXiuLiChang": {
    "BaoE": 0.3,
    "BaoFei": 0
  },
  "HuaHen": {
    "BaoE": 2000,
    "BaoFei": 0
  },
  "SanZhe": {
    "BaoE": 500000,
    "BaoFei": 0
  },
  "SheShui": {
    "BaoE": 1,
    "BaoFei": 0
  },
  "SiJi": {
    "BaoE": 2000,
    "BaoFei": 0
  },
  "ZiRan": {
    "BaoE": 1,
    "BaoFei": 0
  },
  "交强": 0,
  "交强起保时间": "",
  "保险公司": "2",
  "商业": 0,
  "商业起保时间": "",
  "报价城市": "1",
  "报价状态": "报价失败",
  "报价耗时": 0,
  "报价请求": "请求发送成功",
  "续保结果": "续保成功",
  "获取结果": "未从保司获取到往年的投保记录【建议补全带星号的关系人和车三项信息,转新增报价处理】",
  "请求用例": "双险种  （基本险（车损、三者、司机座位、乘客座位、盗抢）+附加险（划痕、玻璃(国产)、自燃损失、涉水、车损无发找第三方、指定修理厂(国产)无不计免赔）",
  "请求用例id": "9",
  "车船": 0
}
[2019-12-27 13:55:09,630] - LogBug.py - 40 - root - DEBUG - 日志记录--险种对比失败---LHGCR1641H8020845--交强险--{
  "BizTotal": 0,
  "TaxTotal": 0,
  "交强": 0,
  "交强起保时间": "",
  "保险公司": "2",
  "商业": 0,
  "商业起保时间": "",
  "报价城市": "1",
  "报价状态": "报价失败",
  "报价耗时": 1,
  "报价请求": "请求发送成功",
  "续保结果": "续保成功",
  "获取结果": "未从保司获取到往年的投保记录【建议补全带星号的关系人和车三项信息,转新增报价处理】",
  "请求用例": "交强险",
  "请求用例id": "1",
  "车船": 0
}
[2019-12-27 13:55:43,273] - LogBug.py - 40 - root - DEBUG - 日志记录--险种对比失败---LHGCR1641H8020845--单商业  （基本险（车损、三者、司机座位、乘客座位、盗抢）+附加险（划痕、玻璃(国产)、自燃损失、涉水、车损无发找第三方、指定修理厂(国产)）无不计免赔）--{
  "CheSun": {
    "BaoE": 1,
    "BaoFei": 0
  },
  "ChengKe": {
    "BaoE": 2000,
    "BaoFei": 0
  },
  "DaoQiang": {
    "BaoE": 1,
    "BaoFei": 0
  },
  "HcSanFangTeYue": {
    "BaoE": 1,
    "BaoFei": 0
  },
  "HcXiuLiChang": {
    "BaoE": 0.3,
    "BaoFei": 0
  },
  "HuaHen": {
    "BaoE": 2000,
    "BaoFei": 0
  },
  "SanZhe": {
    "BaoE": 500000,
    "BaoFei": 0
  },
  "SheShui": {
    "BaoE": 1,
    "BaoFei": 0
  },
  "SiJi": {
    "BaoE": 2000,
    "BaoFei": 0
  },
  "ZiRan": {
    "BaoE": 1,
    "BaoFei": 0
  },
  "交强": 0,
  "交强起保时间": "",
  "保险公司": "2",
  "商业": 0,
  "商业起保时间": "",
  "报价城市": "1",
  "报价状态": "报价失败",
  "报价耗时": 0,
  "报价请求": "请求发送成功",
  "续保结果": "续保成功",
  "获取结果": "未从保司获取到往年的投保记录【建议补全带星号的关系人和车三项信息,转新增报价处理】",
  "请求用例": "单商业  （基本险（车损、三者、司机座位、乘客座位、盗抢）+附加险（划痕、玻璃(国产)、自燃损失、涉水、车损无发找第三方、指定修理厂(国产)）无不计免赔）",
  "请求用例id": "5",
  "车船": 0
}
[2019-12-27 13:56:17,006] - LogBug.py - 40 - root - DEBUG - 日志记录--险种对比失败---LHGCR1641H8020845--双险种  （基本险（车损、三者、司机座位、乘客座位、盗抢）+附加险（划痕、玻璃(国产)、自燃损失、涉水、车损无发找第三方、指定修理厂(国产)无不计免赔）--{
  "CheSun": {
    "BaoE": 1,
    "BaoFei": 0
  },
  "ChengKe": {
    "BaoE": 2000,
    "BaoFei": 0
  },
  "DaoQiang": {
    "BaoE": 1,
    "BaoFei": 0
  },
  "HcSanFangTeYue": {
    "BaoE": 1,
    "BaoFei": 0
  },
  "HcXiuLiChang": {
    "BaoE": 0.3,
    "BaoFei": 0
  },
  "HuaHen": {
    "BaoE": 2000,
    "BaoFei": 0
  },
  "SanZhe": {
    "BaoE": 500000,
    "BaoFei": 0
  },
  "SheShui": {
    "BaoE": 1,
    "BaoFei": 0
  },
  "SiJi": {
    "BaoE": 2000,
    "BaoFei": 0
  },
  "ZiRan": {
    "BaoE": 1,
    "BaoFei": 0
  },
  "交强": 0,
  "交强起保时间": "",
  "保险公司": "2",
  "商业": 0,
  "商业起保时间": "",
  "报价城市": "1",
  "报价状态": "报价失败",
  "报价耗时": 0,
  "报价请求": "请求发送成功",
  "续保结果": "续保成功",
  "获取结果": "【保司续保频繁】访问过于频繁，请稍后再试！！！",
  "请求用例": "双险种  （基本险（车损、三者、司机座位、乘客座位、盗抢）+附加险（划痕、玻璃(国产)、自燃损失、涉水、车损无发找第三方、指定修理厂(国产)无不计免赔）",
  "请求用例id": "9",
  "车船": 0
}
[2019-12-27 16:05:38,700] - LogBug.py - 40 - root - DEBUG - 日志记录--险种对比失败---京FV9560--交强险--{
  "BizTotal": 0,
  "TaxTotal": 0,
  "交强": 0,
  "交强起保时间": "",
  "保险公司": "1",
  "商业": 0,
  "商业起保时间": "",
  "报价城市": "1",
  "报价状态": "报价失败",
  "报价耗时": 0,
  "报价请求": "请求发送成功",
  "续保结果": "续保成功",
  "获取结果": "[保费计算]保费计算失败，错误信息为[com.cpic.p09.auto.common.exception.CommonException: 报价引擎提示：该车已经在本公司投保了同类型的险种，保险期限是[20191216-20201215],请核对并确认在我公司投保。 (平台提示)]",
  "请求用例": "交强险",
  "请求用例id": "1",
  "车船": 0
}
[2019-12-27 16:07:29,715] - LogBug.py - 40 - root - DEBUG - 日志记录--险种对比失败---京FV9560--单商业  （基本险（车损、三者、司机座位、乘客座位、盗抢）+附加险（划痕、玻璃(国产)、自燃损失、涉水、车损无发找第三方、指定修理厂(国产)）无不计免赔）--{
  "CheSun": {
    "BaoE": 1,
    "BaoFei": 0
  },
  "ChengKe": {
    "BaoE": 2000,
    "BaoFei": 0
  },
  "DaoQiang": {
    "BaoE": 1,
    "BaoFei": 0
  },
  "HcSanFangTeYue": {
    "BaoE": 1,
    "BaoFei": 0
  },
  "HcXiuLiChang": {
    "BaoE": 0.3,
    "BaoFei": 0
  },
  "HuaHen": {
    "BaoE": 2000,
    "BaoFei": 0
  },
  "SanZhe": {
    "BaoE": 500000,
    "BaoFei": 0
  },
  "SheShui": {
    "BaoE": 1,
    "BaoFei": 0
  },
  "SiJi": {
    "BaoE": 2000,
    "BaoFei": 0
  },
  "ZiRan": {
    "BaoE": 1,
    "BaoFei": 0
  },
  "交强": 0,
  "交强起保时间": "",
  "保险公司": "1",
  "商业": 0,
  "商业起保时间": "",
  "报价城市": "1",
  "报价状态": "报价失败",
  "报价耗时": 0,
  "报价请求": "请求发送成功",
  "续保结果": "续保成功",
  "获取结果": "人工模拟超时未能得到执行结果",
  "请求用例": "单商业  （基本险（车损、三者、司机座位、乘客座位、盗抢）+附加险（划痕、玻璃(国产)、自燃损失、涉水、车损无发找第三方、指定修理厂(国产)）无不计免赔）",
  "请求用例id": "5",
  "车船": 0
}
[2019-12-27 16:08:03,257] - LogBug.py - 40 - root - DEBUG - 日志记录--险种对比失败---京FV9560--双险种  （基本险（车损、三者、司机座位、乘客座位、盗抢）+附加险（划痕、玻璃(国产)、自燃损失、涉水、车损无发找第三方、指定修理厂(国产)无不计免赔）--{
  "CheSun": {
    "BaoE": 1,
    "BaoFei": 0
  },
  "ChengKe": {
    "BaoE": 2000,
    "BaoFei": 0
  },
  "DaoQiang": {
    "BaoE": 1,
    "BaoFei": 0
  },
  "HcSanFangTeYue": {
    "BaoE": 1,
    "BaoFei": 0
  },
  "HcXiuLiChang": {
    "BaoE": 0.3,
    "BaoFei": 0
  },
  "HuaHen": {
    "BaoE": 2000,
    "BaoFei": 0
  },
  "SanZhe": {
    "BaoE": 500000,
    "BaoFei": 0
  },
  "SheShui": {
    "BaoE": 1,
    "BaoFei": 0
  },
  "SiJi": {
    "BaoE": 2000,
    "BaoFei": 0
  },
  "ZiRan": {
    "BaoE": 1,
    "BaoFei": 0
  },
  "交强": 0,
  "交强起保时间": "",
  "保险公司": "1",
  "商业": 0,
  "商业起保时间": "",
  "报价城市": "1",
  "报价状态": "报价失败",
  "报价耗时": 0,
  "报价请求": "请求发送成功",
  "续保结果": "续保成功",
  "获取结果": "[保费计算]保费计算失败，错误信息为[com.cpic.p09.auto.common.exception.CommonException: 报价引擎提示：该车已经在本公司投保了同类型的险种，保险期限是[20191216-20201215],请核对并确认在我公司投保。 (平台提示)]",
  "请求用例": "双险种  （基本险（车损、三者、司机座位、乘客座位、盗抢）+附加险（划痕、玻璃(国产)、自燃损失、涉水、车损无发找第三方、指定修理厂(国产)无不计免赔）",
  "请求用例id": "9",
  "车船": 0
}
[2019-12-27 16:08:56,143] - LogBug.py - 40 - root - DEBUG - 日志记录--险种对比失败---京QE83U2--交强险--{
  "BizTotal": 0,
  "TaxTotal": 0,
  "交强": 0,
  "交强起保时间": "",
  "保险公司": "1",
  "商业": 0,
  "商业起保时间": "",
  "报价城市": "1",
  "报价状态": "报价失败",
  "报价耗时": 0,
  "报价请求": "请求发送成功",
  "续保结果": "续保成功",
  "获取结果": "[保费计算]保费计算失败，错误信息为[com.cpic.p09.auto.common.exception.CommonException: 报价引擎提示：该车已经在本公司投保了同类型的险种，保险期限是[20191217-20201216],请核对并确认在我公司投保。 (平台提示)]",
  "请求用例": "交强险",
  "请求用例id": "1",
  "车船": 0
}
[2019-12-27 16:10:03,350] - LogBug.py - 40 - root - DEBUG - 日志记录--险种对比失败---京QE83U2--双险种  （基本险（车损、三者、司机座位、乘客座位、盗抢）+附加险（划痕、玻璃(国产)、自燃损失、涉水、车损无发找第三方、指定修理厂(国产)无不计免赔）--{
  "CheSun": {
    "BaoE": 1,
    "BaoFei": 0
  },
  "ChengKe": {
    "BaoE": 2000,
    "BaoFei": 0
  },
  "DaoQiang": {
    "BaoE": 1,
    "BaoFei": 0
  },
  "HcSanFangTeYue": {
    "BaoE": 1,
    "BaoFei": 0
  },
  "HcXiuLiChang": {
    "BaoE": 0.3,
    "BaoFei": 0
  },
  "HuaHen": {
    "BaoE": 2000,
    "BaoFei": 0
  },
  "SanZhe": {
    "BaoE": 500000,
    "BaoFei": 0
  },
  "SheShui": {
    "BaoE": 1,
    "BaoFei": 0
  },
  "SiJi": {
    "BaoE": 2000,
    "BaoFei": 0
  },
  "ZiRan": {
    "BaoE": 1,
    "BaoFei": 0
  },
  "交强": 0,
  "交强起保时间": "",
  "保险公司": "1",
  "商业": 0,
  "商业起保时间": "",
  "报价城市": "1",
  "报价状态": "报价失败",
  "报价耗时": 0,
  "报价请求": "请求发送成功",
  "续保结果": "续保成功",
  "获取结果": "[保费计算]保费计算失败，错误信息为[com.cpic.p09.auto.common.exception.CommonException: 报价引擎提示：该车已经在本公司投保了同类型的险种，保险期限是[20191217-20201216],请核对并确认在我公司投保。 (平台提示)]",
  "请求用例": "双险种  （基本险（车损、三者、司机座位、乘客座位、盗抢）+附加险（划痕、玻璃(国产)、自燃损失、涉水、车损无发找第三方、指定修理厂(国产)无不计免赔）",
  "请求用例id": "9",
  "车船": 0
}
[2019-12-27 16:11:26,831] - LogBug.py - 40 - root - DEBUG - 日志记录--险种对比失败---京GVF085--单商业  （基本险（车损、三者、司机座位、乘客座位、盗抢）+附加险（划痕、玻璃(国产)、自燃损失、涉水、车损无发找第三方、指定修理厂(国产)）无不计免赔）--{
  "CheSun": {
    "BaoE": 1,
    "BaoFei": 0
  },
  "ChengKe": {
    "BaoE": 2000,
    "BaoFei": 0
  },
  "DaoQiang": {
    "BaoE": 1,
    "BaoFei": 0
  },
  "HcSanFangTeYue": {
    "BaoE": 1,
    "BaoFei": 0
  },
  "HcXiuLiChang": {
    "BaoE": 0.3,
    "BaoFei": 0
  },
  "HuaHen": {
    "BaoE": 2000,
    "BaoFei": 0
  },
  "SanZhe": {
    "BaoE": 500000,
    "BaoFei": 0
  },
  "SheShui": {
    "BaoE": 1,
    "BaoFei": 0
  },
  "SiJi": {
    "BaoE": 2000,
    "BaoFei": 0
  },
  "ZiRan": {
    "BaoE": 1,
    "BaoFei": 0
  },
  "交强": 0,
  "交强起保时间": "",
  "保险公司": "1",
  "商业": 0,
  "商业起保时间": "",
  "报价城市": "1",
  "报价状态": "报价失败",
  "报价耗时": 0,
  "报价请求": "请求发送成功",
  "续保结果": "续保成功",
  "获取结果": "等待保险方案页面加载_超时_Loading",
  "请求用例": "单商业  （基本险（车损、三者、司机座位、乘客座位、盗抢）+附加险（划痕、玻璃(国产)、自燃损失、涉水、车损无发找第三方、指定修理厂(国产)）无不计免赔）",
  "请求用例id": "5",
  "车船": 0
}
[2019-12-27 16:13:55,039] - LogBug.py - 40 - root - DEBUG - 日志记录--险种对比失败---京NL5Z61--交强险--{
  "BizTotal": 0,
  "TaxTotal": 0,
  "交强": 0,
  "交强起保时间": "",
  "保险公司": "1",
  "商业": 0,
  "商业起保时间": "",
  "报价城市": "1",
  "报价状态": "报价失败",
  "报价耗时": 0,
  "报价请求": "请求发送成功",
  "续保结果": "续保成功",
  "获取结果": "人工模拟超时未能得到执行结果",
  "请求用例": "交强险",
  "请求用例id": "1",
  "车船": 0
}
[2019-12-27 16:15:02,153] - LogBug.py - 40 - root - DEBUG - 日志记录--险种对比失败---京NL5Z61--双险种  （基本险（车损、三者、司机座位、乘客座位、盗抢）+附加险（划痕、玻璃(国产)、自燃损失、涉水、车损无发找第三方、指定修理厂(国产)无不计免赔）--{
  "CheSun": {
    "BaoE": 1,
    "BaoFei": 0
  },
  "ChengKe": {
    "BaoE": 2000,
    "BaoFei": 0
  },
  "DaoQiang": {
    "BaoE": 1,
    "BaoFei": 0
  },
  "HcSanFangTeYue": {
    "BaoE": 1,
    "BaoFei": 0
  },
  "HcXiuLiChang": {
    "BaoE": 0.3,
    "BaoFei": 0
  },
  "HuaHen": {
    "BaoE": 2000,
    "BaoFei": 0
  },
  "SanZhe": {
    "BaoE": 500000,
    "BaoFei": 0
  },
  "SheShui": {
    "BaoE": 1,
    "BaoFei": 0
  },
  "SiJi": {
    "BaoE": 2000,
    "BaoFei": 0
  },
  "ZiRan": {
    "BaoE": 1,
    "BaoFei": 0
  },
  "交强": 0,
  "交强起保时间": "",
  "保险公司": "1",
  "商业": 0,
  "商业起保时间": "",
  "报价城市": "1",
  "报价状态": "报价失败",
  "报价耗时": 0,
  "报价请求": "请求发送成功",
  "续保结果": "续保成功",
  "获取结果": "[保费计算]保费计算失败，错误信息为[com.cpic.p09.auto.common.exception.CommonException: 报价引擎提示：该车已经在本公司投保了同类型的险种，保险期限是[20191226-20201225],请核对并确认在我公司投保。 (平台提示)]",
  "请求用例": "双险种  （基本险（车损、三者、司机座位、乘客座位、盗抢）+附加险（划痕、玻璃(国产)、自燃损失、涉水、车损无发找第三方、指定修理厂(国产)无不计免赔）",
  "请求用例id": "9",
  "车船": 0
}
[2019-12-27 16:15:39,390] - LogBug.py - 40 - root - DEBUG - 日志记录--险种对比失败---京QW77R8--交强险--{
  "BizTotal": 0,
  "TaxTotal": 0,
  "交强": 0,
  "交强起保时间": "",
  "保险公司": "1",
  "商业": 0,
  "商业起保时间": "",
  "报价城市": "1",
  "报价状态": "报价失败",
  "报价耗时": 0,
  "报价请求": "请求发送成功",
  "续保结果": "续保成功",
  "获取结果": "[保费计算]保费计算失败，错误信息为[com.cpic.p09.auto.common.exception.CommonException: 报价引擎提示：该车已经在其他公司投保了同类型的险种，保险期限是[20191212-20201211],请核对并确认在我公司投保。 (平台提示)]",
  "请求用例": "交强险",
  "请求用例id": "1",
  "车船": 0
}
[2019-12-27 16:16:13,046] - LogBug.py - 40 - root - DEBUG - 日志记录--险种对比失败---京QW77R8--单商业  （基本险（车损、三者、司机座位、乘客座位、盗抢）+附加险（划痕、玻璃(国产)、自燃损失、涉水、车损无发找第三方、指定修理厂(国产)）无不计免赔）--{
  "CheSun": {
    "BaoE": 1,
    "BaoFei": 0
  },
  "ChengKe": {
    "BaoE": 2000,
    "BaoFei": 0
  },
  "DaoQiang": {
    "BaoE": 1,
    "BaoFei": 0
  },
  "HcSanFangTeYue": {
    "BaoE": 1,
    "BaoFei": 0
  },
  "HcXiuLiChang": {
    "BaoE": 0.3,
    "BaoFei": 0
  },
  "HuaHen": {
    "BaoE": 2000,
    "BaoFei": 0
  },
  "SanZhe": {
    "BaoE": 500000,
    "BaoFei": 0
  },
  "SheShui": {
    "BaoE": 1,
    "BaoFei": 0
  },
  "SiJi": {
    "BaoE": 2000,
    "BaoFei": 0
  },
  "ZiRan": {
    "BaoE": 1,
    "BaoFei": 0
  },
  "交强": 0,
  "交强起保时间": "",
  "保险公司": "1",
  "商业": 0,
  "商业起保时间": "",
  "报价城市": "1",
  "报价状态": "报价失败",
  "报价耗时": 0,
  "报价请求": "请求发送成功",
  "续保结果": "续保成功",
  "获取结果": "等待保险方案页面加载_超时_Loading",
  "请求用例": "单商业  （基本险（车损、三者、司机座位、乘客座位、盗抢）+附加险（划痕、玻璃(国产)、自燃损失、涉水、车损无发找第三方、指定修理厂(国产)）无不计免赔）",
  "请求用例id": "5",
  "车船": 0
}
[2019-12-27 16:16:46,658] - LogBug.py - 40 - root - DEBUG - 日志记录--险种对比失败---京QW77R8--双险种  （基本险（车损、三者、司机座位、乘客座位、盗抢）+附加险（划痕、玻璃(国产)、自燃损失、涉水、车损无发找第三方、指定修理厂(国产)无不计免赔）--{
  "CheSun": {
    "BaoE": 1,
    "BaoFei": 0
  },
  "ChengKe": {
    "BaoE": 2000,
    "BaoFei": 0
  },
  "DaoQiang": {
    "BaoE": 1,
    "BaoFei": 0
  },
  "HcSanFangTeYue": {
    "BaoE": 1,
    "BaoFei": 0
  },
  "HcXiuLiChang": {
    "BaoE": 0.3,
    "BaoFei": 0
  },
  "HuaHen": {
    "BaoE": 2000,
    "BaoFei": 0
  },
  "SanZhe": {
    "BaoE": 500000,
    "BaoFei": 0
  },
  "SheShui": {
    "BaoE": 1,
    "BaoFei": 0
  },
  "SiJi": {
    "BaoE": 2000,
    "BaoFei": 0
  },
  "ZiRan": {
    "BaoE": 1,
    "BaoFei": 0
  },
  "交强": 0,
  "交强起保时间": "",
  "保险公司": "1",
  "商业": 0,
  "商业起保时间": "",
  "报价城市": "1",
  "报价状态": "报价失败",
  "报价耗时": 0,
  "报价请求": "请求发送成功",
  "续保结果": "续保成功",
  "获取结果": "[保费计算]保费计算失败，错误信息为[com.cpic.p09.auto.common.exception.CommonException: 报价引擎提示：该车已经在其他公司投保了同类型的险种，保险期限是[20191212-20201211],请核对并确认在我公司投保。 (平台提示)]",
  "请求用例": "双险种  （基本险（车损、三者、司机座位、乘客座位、盗抢）+附加险（划痕、玻璃(国产)、自燃损失、涉水、车损无发找第三方、指定修理厂(国产)无不计免赔）",
  "请求用例id": "9",
  "车船": 0
}
