[2019-12-18 15:05:22,346] - LogBug.py - 40 - root - DEBUG - 请求失败：车牌--京NB8377
[2019-12-18 15:05:29,687] - LogBug.py - 40 - root - DEBUG - 请求失败：车牌--京NB8377
[2019-12-18 15:05:34,063] - LogBug.py - 40 - root - DEBUG - 请求失败：车牌--京NB8377
[2019-12-18 15:07:25,918] - LogBug.py - 40 - root - DEBUG - 日志记录---京NB8377:{
  "失败": {
    "线上对比失败": {
      "交强": "665",
      "商业": "2936.21",
      "报价获取结果": "1.车牌号京NB8377: 商业险上年保险止期：20200204. 交强险上年保险止期：20200205.",
      "报价请求结果": "获取报价信息成功",
      "车船": "0"
    },
    "线下对比失败": {}
  }
}
[2019-12-18 15:32:34,667] - LogBug.py - 40 - root - DEBUG - 日志记录---京NB8377:{
  "失败": {
    "线上对比失败": {},
    "线下对比失败": {}
  }
}
[2019-12-18 15:36:58,011] - LogBug.py - 40 - root - DEBUG - 日志记录---京NB8377:{
  "失败": {
    "线上对比失败": {
      "报价获取结果": "1.车牌号京NB8377: 商业险上年保险止期：20200204. 交强险上年保险止期：20200205."
    },
    "线下对比失败": {
      "报价获取结果": "1.车牌号京NB8377: 交强险上年保险止期：20200205. 商业险上年保险止期：20200204."
    }
  }
}
[2019-12-18 15:47:19,675] - LogBug.py - 40 - root - DEBUG - 日志记录---京NB8377:{
  "失败": {
    "线上对比失败": {
      "报价获取结果": "1.车牌号京NB8377: 交强险上年保险止期：20200205. 商业险上年保险止期：20200204."
    },
    "线下对比失败": {
      "报价获取结果": "1.车牌号京NB8377: 商业险上年保险止期：20200204. 交强险上年保险止期：20200205."
    }
  }
}
