[2019-12-18 15:07:25,917] - Log.py - 38 - root - INFO - 日志记录---京NB8377:{
  "成功": {
    "线上对比成功": {
      "续保结果": "续保成功",
      "车牌": "京NB8377"
    },
    "线下对比成功": {
      "续保结果": "续保成功",
      "车牌": "京NB8377"
    }
  }
}
[2019-12-18 15:32:34,660] - Log.py - 38 - root - INFO - 日志记录---京NB8377:{
  "成功": {
    "线上对比成功": {
      "交强": "665",
      "商业": "2936.21",
      "报价获取结果": "1.车牌号京NB8377: 商业险上年保险止期：20200204. 交强险上年保险止期：20200205.",
      "报价请求结果": "获取报价信息成功",
      "续保结果": "续保成功",
      "车牌": "京NB8377",
      "车船": "0"
    },
    "线下对比成功": {
      "交强": "665",
      "商业": "2936.21",
      "报价获取结果": "1.车牌号京NB8377: 商业险上年保险止期：20200204. 交强险上年保险止期：20200205.",
      "报价请求结果": "获取报价信息成功",
      "续保结果": "续保成功",
      "车牌": "京NB8377",
      "车船": "0"
    }
  }
}
[2019-12-18 15:36:58,009] - Log.py - 38 - root - INFO - 日志记录---京NB8377:{
  "成功": {
    "线上对比成功": {
      "交强": "665",
      "商业": "2936.21",
      "报价请求结果": "获取报价信息成功",
      "续保结果": "续保成功",
      "车牌": "京NB8377",
      "车船": "0"
    },
    "线下对比成功": {
      "交强": "665",
      "商业": "2936.21",
      "报价请求结果": "获取报价信息成功",
      "续保结果": "续保成功",
      "车牌": "京NB8377",
      "车船": "0"
    }
  }
}
[2019-12-18 15:47:19,675] - Log.py - 38 - root - INFO - 日志记录---京NB8377:{
  "成功": {
    "线上对比成功": {
      "交强": "665",
      "商业": "2936.21",
      "报价请求结果": "获取报价信息成功",
      "续保结果": "续保成功",
      "车牌": "京NB8377",
      "车船": "0"
    },
    "线下对比成功": {
      "交强": "665",
      "商业": "2936.21",
      "报价请求结果": "获取报价信息成功",
      "续保结果": "续保成功",
      "车牌": "京NB8377",
      "车船": "0"
    }
  }
}
