[2019-12-23 16:44:47,579] - LogBug.py - 40 - root - DEBUG - 日志记录--险种对比失败---LFV2A2BS2H4790494--交强险--{
  "BizTotal": 0,
  "TaxTotal": 0,
  "交强": 0,
  "交强起保时间": "",
  "保险公司": "2",
  "商业": 0,
  "商业起保时间": "",
  "报价城市": "1",
  "报价状态": "报价失败",
  "报价耗时": 0,
  "报价请求": "请求发送成功",
  "续保结果": "续保成功",
  "获取结果": "未从保司获取到往年的投保记录【建议补全带星号的关系人和车三项信息,转新增报价处理】",
  "请求用例": "交强险",
  "请求用例id": "1",
  "车船": 0
}
[2019-12-23 16:45:21,122] - LogBug.py - 40 - root - DEBUG - 日志记录--险种对比失败---LFV2A2BS2H4790494--单商业  （基本险（车损、三者、司机座位、乘客座位、盗抢）+不计免赔）--{
  "BuJiMianCheSun": {
    "BaoE": 1,
    "BaoFei": 0
  },
  "BuJiMianChengKe": {
    "BaoE": 1,
    "BaoFei": 0
  },
  "BuJiMianDaoQiang": {
    "BaoE": 1,
    "BaoFei": 0
  },
  "BuJiMianSanZhe": {
    "BaoE": 1,
    "BaoFei": 0
  },
  "BuJiMianSiJi": {
    "BaoE": 1,
    "BaoFei": 0
  },
  "CheSun": {
    "BaoE": 1,
    "BaoFei": 0
  },
  "ChengKe": {
    "BaoE": 2000,
    "BaoFei": 0
  },
  "DaoQiang": {
    "BaoE": 1,
    "BaoFei": 0
  },
  "SanZhe": {
    "BaoE": 500000,
    "BaoFei": 0
  },
  "SiJi": {
    "BaoE": 2000,
    "BaoFei": 0
  },
  "交强": 0,
  "交强起保时间": "",
  "保险公司": "2",
  "商业": 0,
  "商业起保时间": "",
  "报价城市": "1",
  "报价状态": "报价失败",
  "报价耗时": 0,
  "报价请求": "请求发送成功",
  "续保结果": "续保成功",
  "获取结果": "未从保司获取到往年的投保记录【建议补全带星号的关系人和车三项信息,转新增报价处理】",
  "请求用例": "单商业  （基本险（车损、三者、司机座位、乘客座位、盗抢）+不计免赔）",
  "请求用例id": "2",
  "车船": 0
}
[2019-12-23 16:45:54,699] - LogBug.py - 40 - root - DEBUG - 日志记录--险种对比失败---LFV2A2BS2H4790494--单商业  （基本险（车损、三者、司机座位、乘客座位、盗抢）+附加险（划痕、玻璃(国产)、自燃损失、涉水、车损无发找第三方、指定修理厂(国产)）无不计免赔）--{
  "CheSun": {
    "BaoE": 1,
    "BaoFei": 0
  },
  "ChengKe": {
    "BaoE": 2000,
    "BaoFei": 0
  },
  "DaoQiang": {
    "BaoE": 1,
    "BaoFei": 0
  },
  "HcSanFangTeYue": {
    "BaoE": 1,
    "BaoFei": 0
  },
  "HcXiuLiChang": {
    "BaoE": 0.3,
    "BaoFei": 0
  },
  "HuaHen": {
    "BaoE": 2000,
    "BaoFei": 0
  },
  "SanZhe": {
    "BaoE": 500000,
    "BaoFei": 0
  },
  "SheShui": {
    "BaoE": 1,
    "BaoFei": 0
  },
  "SiJi": {
    "BaoE": 2000,
    "BaoFei": 0
  },
  "ZiRan": {
    "BaoE": 1,
    "BaoFei": 0
  },
  "交强": 0,
  "交强起保时间": "",
  "保险公司": "2",
  "商业": 0,
  "商业起保时间": "",
  "报价城市": "1",
  "报价状态": "报价失败",
  "报价耗时": 0,
  "报价请求": "请求发送成功",
  "续保结果": "续保成功",
  "获取结果": "未从保司获取到往年的投保记录【建议补全带星号的关系人和车三项信息,转新增报价处理】",
  "请求用例": "单商业  （基本险（车损、三者、司机座位、乘客座位、盗抢）+附加险（划痕、玻璃(国产)、自燃损失、涉水、车损无发找第三方、指定修理厂(国产)）无不计免赔）",
  "请求用例id": "5",
  "车船": 0
}
[2019-12-23 16:45:56,377] - LogBug.py - 40 - root - DEBUG - 日志记录--LVVDB11B9AD265646--{
  "报价城市": "1",
  "报价状态": "报价失败",
  "续保结果": "需要完善行驶证信息（车辆信息和险种都没有获取到）"
}
[2019-12-23 16:46:33,090] - LogBug.py - 40 - root - DEBUG - 日志记录--险种对比失败---LL3AAAAC2HA005778--交强险--{
  "BizTotal": 0,
  "TaxTotal": 0,
  "交强": 0,
  "交强起保时间": "",
  "保险公司": "2",
  "商业": 0,
  "商业起保时间": "",
  "报价城市": "1",
  "报价状态": "报价失败",
  "报价耗时": 0,
  "报价请求": "请求发送成功",
  "续保结果": "续保成功",
  "获取结果": "未从保司获取到往年的投保记录【建议补全带星号的关系人和车三项信息,转新增报价处理】",
  "请求用例": "交强险",
  "请求用例id": "1",
  "车船": 0
}
[2019-12-23 16:47:06,635] - LogBug.py - 40 - root - DEBUG - 日志记录--险种对比失败---LL3AAAAC2HA005778--单商业  （基本险（车损、三者、司机座位、乘客座位、盗抢）+不计免赔）--{
  "BuJiMianCheSun": {
    "BaoE": 1,
    "BaoFei": 0
  },
  "BuJiMianChengKe": {
    "BaoE": 1,
    "BaoFei": 0
  },
  "BuJiMianDaoQiang": {
    "BaoE": 1,
    "BaoFei": 0
  },
  "BuJiMianSanZhe": {
    "BaoE": 1,
    "BaoFei": 0
  },
  "BuJiMianSiJi": {
    "BaoE": 1,
    "BaoFei": 0
  },
  "CheSun": {
    "BaoE": 1,
    "BaoFei": 0
  },
  "ChengKe": {
    "BaoE": 2000,
    "BaoFei": 0
  },
  "DaoQiang": {
    "BaoE": 1,
    "BaoFei": 0
  },
  "SanZhe": {
    "BaoE": 500000,
    "BaoFei": 0
  },
  "SiJi": {
    "BaoE": 2000,
    "BaoFei": 0
  },
  "交强": 0,
  "交强起保时间": "",
  "保险公司": "2",
  "商业": 0,
  "商业起保时间": "",
  "报价城市": "1",
  "报价状态": "报价失败",
  "报价耗时": 0,
  "报价请求": "请求发送成功",
  "续保结果": "续保成功",
  "获取结果": "未从保司获取到往年的投保记录【建议补全带星号的关系人和车三项信息,转新增报价处理】",
  "请求用例": "单商业  （基本险（车损、三者、司机座位、乘客座位、盗抢）+不计免赔）",
  "请求用例id": "2",
  "车船": 0
}
[2019-12-23 16:47:40,178] - LogBug.py - 40 - root - DEBUG - 日志记录--险种对比失败---LL3AAAAC2HA005778--单商业  （基本险（车损、三者、司机座位、乘客座位、盗抢）+附加险（划痕、玻璃(国产)、自燃损失、涉水、车损无发找第三方、指定修理厂(国产)）无不计免赔）--{
  "CheSun": {
    "BaoE": 1,
    "BaoFei": 0
  },
  "ChengKe": {
    "BaoE": 2000,
    "BaoFei": 0
  },
  "DaoQiang": {
    "BaoE": 1,
    "BaoFei": 0
  },
  "HcSanFangTeYue": {
    "BaoE": 1,
    "BaoFei": 0
  },
  "HcXiuLiChang": {
    "BaoE": 0.3,
    "BaoFei": 0
  },
  "HuaHen": {
    "BaoE": 2000,
    "BaoFei": 0
  },
  "SanZhe": {
    "BaoE": 500000,
    "BaoFei": 0
  },
  "SheShui": {
    "BaoE": 1,
    "BaoFei": 0
  },
  "SiJi": {
    "BaoE": 2000,
    "BaoFei": 0
  },
  "ZiRan": {
    "BaoE": 1,
    "BaoFei": 0
  },
  "交强": 0,
  "交强起保时间": "",
  "保险公司": "2",
  "商业": 0,
  "商业起保时间": "",
  "报价城市": "1",
  "报价状态": "报价失败",
  "报价耗时": 0,
  "报价请求": "请求发送成功",
  "续保结果": "续保成功",
  "获取结果": "未从保司获取到往年的投保记录【建议补全带星号的关系人和车三项信息,转新增报价处理】",
  "请求用例": "单商业  （基本险（车损、三者、司机座位、乘客座位、盗抢）+附加险（划痕、玻璃(国产)、自燃损失、涉水、车损无发找第三方、指定修理厂(国产)）无不计免赔）",
  "请求用例id": "5",
  "车船": 0
}
[2019-12-23 16:48:16,205] - LogBug.py - 40 - root - DEBUG - 日志记录--险种对比失败---1C4RJFBG8HC933396--交强险--{
  "BizTotal": 0,
  "TaxTotal": 0,
  "交强": 0,
  "交强起保时间": "",
  "保险公司": "2",
  "商业": 0,
  "商业起保时间": "",
  "报价城市": "1",
  "报价状态": "报价失败",
  "报价耗时": 0,
  "报价请求": "请求发送成功",
  "续保结果": "续保成功",
  "获取结果": "未从保司获取到往年的投保记录【建议补全带星号的关系人和车三项信息,转新增报价处理】",
  "请求用例": "交强险",
  "请求用例id": "1",
  "车船": 0
}
[2019-12-23 16:48:49,863] - LogBug.py - 40 - root - DEBUG - 日志记录--险种对比失败---1C4RJFBG8HC933396--单商业  （基本险（车损、三者、司机座位、乘客座位、盗抢）+不计免赔）--{
  "BuJiMianCheSun": {
    "BaoE": 1,
    "BaoFei": 0
  },
  "BuJiMianChengKe": {
    "BaoE": 1,
    "BaoFei": 0
  },
  "BuJiMianDaoQiang": {
    "BaoE": 1,
    "BaoFei": 0
  },
  "BuJiMianSanZhe": {
    "BaoE": 1,
    "BaoFei": 0
  },
  "BuJiMianSiJi": {
    "BaoE": 1,
    "BaoFei": 0
  },
  "CheSun": {
    "BaoE": 1,
    "BaoFei": 0
  },
  "ChengKe": {
    "BaoE": 2000,
    "BaoFei": 0
  },
  "DaoQiang": {
    "BaoE": 1,
    "BaoFei": 0
  },
  "SanZhe": {
    "BaoE": 500000,
    "BaoFei": 0
  },
  "SiJi": {
    "BaoE": 2000,
    "BaoFei": 0
  },
  "交强": 0,
  "交强起保时间": "",
  "保险公司": "2",
  "商业": 0,
  "商业起保时间": "",
  "报价城市": "1",
  "报价状态": "报价失败",
  "报价耗时": 0,
  "报价请求": "请求发送成功",
  "续保结果": "续保成功",
  "获取结果": "未从保司获取到往年的投保记录【建议补全带星号的关系人和车三项信息,转新增报价处理】",
  "请求用例": "单商业  （基本险（车损、三者、司机座位、乘客座位、盗抢）+不计免赔）",
  "请求用例id": "2",
  "车船": 0
}
[2019-12-23 16:49:23,842] - LogBug.py - 40 - root - DEBUG - 日志记录--险种对比失败---1C4RJFBG8HC933396--单商业  （基本险（车损、三者、司机座位、乘客座位、盗抢）+附加险（划痕、玻璃(国产)、自燃损失、涉水、车损无发找第三方、指定修理厂(国产)）无不计免赔）--{
  "CheSun": {
    "BaoE": 1,
    "BaoFei": 0
  },
  "ChengKe": {
    "BaoE": 2000,
    "BaoFei": 0
  },
  "DaoQiang": {
    "BaoE": 1,
    "BaoFei": 0
  },
  "HcSanFangTeYue": {
    "BaoE": 1,
    "BaoFei": 0
  },
  "HcXiuLiChang": {
    "BaoE": 0.3,
    "BaoFei": 0
  },
  "HuaHen": {
    "BaoE": 2000,
    "BaoFei": 0
  },
  "SanZhe": {
    "BaoE": 500000,
    "BaoFei": 0
  },
  "SheShui": {
    "BaoE": 1,
    "BaoFei": 0
  },
  "SiJi": {
    "BaoE": 2000,
    "BaoFei": 0
  },
  "ZiRan": {
    "BaoE": 1,
    "BaoFei": 0
  },
  "交强": 0,
  "交强起保时间": "",
  "保险公司": "2",
  "商业": 0,
  "商业起保时间": "",
  "报价城市": "1",
  "报价状态": "报价失败",
  "报价耗时": 1,
  "报价请求": "请求发送成功",
  "续保结果": "续保成功",
  "获取结果": "未从保司获取到往年的投保记录【建议补全带星号的关系人和车三项信息,转新增报价处理】",
  "请求用例": "单商业  （基本险（车损、三者、司机座位、乘客座位、盗抢）+附加险（划痕、玻璃(国产)、自燃损失、涉水、车损无发找第三方、指定修理厂(国产)）无不计免赔）",
  "请求用例id": "5",
  "车船": 0
}
[2019-12-23 16:49:25,398] - LogBug.py - 40 - root - DEBUG - 日志记录--LFV2A21K6G4331887--{
  "报价城市": "1",
  "报价状态": "报价失败",
  "续保结果": "需要完善行驶证信息（车辆信息和险种都没有获取到）"
}
