[2019-12-16 21:41:02,535] - Log.py - 38 - root - INFO - 日志记录---京Q933A8:{
  "成功": {
    "线上对比成功": {
      "续保结果": "续保成功",
      "车牌": "京Q933A8"
    },
    "线下对比成功": {
      "续保结果": "续保成功",
      "车牌": "京Q933A8"
    }
  }
}
[2019-12-16 21:43:56,484] - Log.py - 38 - root - INFO - 日志记录---京Q933A8:{
  "成功": {
    "线上对比成功": {
      "续保结果": "续保成功",
      "车牌": "京Q933A8"
    },
    "线下对比成功": {
      "续保结果": "续保成功",
      "车牌": "京Q933A8"
    }
  }
}
[2019-12-16 22:18:39,692] - Log.py - 38 - root - INFO - 日志记录---京Q933A8:{
  "成功": {
    "线上对比成功": {
      "续保结果": "续保成功",
      "车牌": "京Q933A8"
    },
    "线下对比成功": {
      "续保结果": "续保成功",
      "车牌": "京Q933A8"
    }
  }
}
[2019-12-16 22:21:39,150] - Log.py - 38 - root - INFO - 日志记录---京Q933A8:{
  "成功": {
    "线上对比成功": {
      "续保结果": "续保成功",
      "车牌": "京Q933A8"
    },
    "线下对比成功": {
      "续保结果": "续保成功",
      "车牌": "京Q933A8"
    }
  }
}
[2019-12-16 22:23:27,896] - Log.py - 38 - root - INFO - 日志记录---京Q933A8:{
  "成功": {
    "线上对比成功": {
      "续保结果": "续保成功",
      "车牌": "京Q933A8"
    },
    "线下对比成功": {
      "续保结果": "续保成功",
      "车牌": "京Q933A8"
    }
  }
}
[2019-12-16 22:28:50,916] - Log.py - 38 - root - INFO - 日志记录---京Q933A8:{
  "成功": {
    "线上对比成功": {
      "续保结果": "续保成功",
      "车牌": "京Q933A8"
    },
    "线下对比成功": {
      "续保结果": "续保成功",
      "车牌": "京Q933A8"
    }
  }
}
[2019-12-16 22:28:50,929] - Log.py - 38 - root - INFO - 日志记录---京NB8377:{
  "成功": {
    "线上对比成功": {
      "交强": "665",
      "商业": "2936.35",
      "报价获取结果": "报价成功",
      "报价请求结果": "获取报价信息成功",
      "续保结果": "续保成功",
      "车牌": "京NB8377",
      "车船": "0"
    },
    "线下对比成功": {
      "交强": "665",
      "商业": "2936.35",
      "报价获取结果": "报价成功",
      "报价请求结果": "获取报价信息成功",
      "续保结果": "续保成功",
      "车牌": "京NB8377",
      "车船": "0"
    }
  }
}
