[2019-12-16 21:42:39,260] - LogBug.py - 40 - root - DEBUG - 请求失败：车牌--京Q933A8
[2019-12-16 21:44:05,791] - LogBug.py - 40 - root - DEBUG - 日志记录---京Q933A8:{
  "失败": {
    "线上对比失败": {
      "交强": "0",
      "商业": "0",
      "报价获取结果": "客户端无法连接",
      "报价请求结果": "获取报价信息成功",
      "车船": "0"
    },
    "线下对比失败": {}
  }
}
[2019-12-16 22:17:23,839] - LogBug.py - 40 - root - DEBUG - 请求失败：车牌--京Q933A8
[2019-12-16 22:18:39,700] - LogBug.py - 40 - root - DEBUG - 日志记录---京Q933A8:{
  "失败": {
    "线上对比失败": {
      "交强": "0",
      "商业": "0",
      "报价获取结果": "客户端无法连接",
      "报价请求结果": "获取报价信息成功",
      "车船": "0"
    },
    "线下对比失败": {}
  }
}
[2019-12-16 22:21:05,291] - LogBug.py - 40 - root - DEBUG - 请求失败：车牌--京Q933A8
[2019-12-16 22:21:39,150] - LogBug.py - 40 - root - DEBUG - 日志记录---京Q933A8:{
  "失败": {
    "线上对比失败": {
      "交强": "0",
      "商业": "0",
      "报价获取结果": "客户端无法连接",
      "报价请求结果": "获取报价信息成功",
      "车船": "0"
    },
    "线下对比失败": {}
  }
}
[2019-12-16 22:22:54,398] - LogBug.py - 40 - root - DEBUG - 请求失败：车牌--京Q933A8
[2019-12-16 22:23:27,897] - LogBug.py - 40 - root - DEBUG - 日志记录---京Q933A8:{
  "失败": {
    "线上对比失败": {
      "交强": "0",
      "商业": "0",
      "报价获取结果": "客户端无法连接",
      "报价请求结果": "获取报价信息成功",
      "车船": "0"
    },
    "线下对比失败": {}
  }
}
[2019-12-16 22:28:50,917] - LogBug.py - 40 - root - DEBUG - 日志记录---京Q933A8:{
  "失败": {
    "线上对比失败": {
      "交强": "0",
      "商业": "0",
      "报价获取结果": "客户端无法连接",
      "报价请求结果": "获取报价信息成功",
      "车船": "0"
    },
    "线下对比失败": {}
  }
}
[2019-12-16 22:28:50,930] - LogBug.py - 40 - root - DEBUG - 日志记录---京NB8377:{
  "失败": {
    "线上对比失败": {},
    "线下对比失败": {}
  }
}
[2019-12-16 22:53:57,174] - LogBug.py - 40 - root - DEBUG - 日志记录--京NB8377--交强险--{
  "保险公司": "4",
  "报价城市": "1",
  "报价耗时": 0,
  "报价请求": "未检测到报价渠道，请检查",
  "续保结果": "续保成功",
  "请求用例": "交强险",
  "请求用例id": "1"
}
[2019-12-16 22:53:57,200] - LogBug.py - 40 - root - DEBUG - 日志记录--京NB8377--交强险--{
  "保险公司": "4",
  "报价城市": "1",
  "报价耗时": 0,
  "报价请求": "未检测到报价渠道，请检查",
  "续保结果": "续保成功",
  "请求用例": "交强险",
  "请求用例id": "1"
}
[2019-12-16 22:54:42,502] - LogBug.py - 40 - root - DEBUG - 日志记录--京NB8377--交强险--{
  "保险公司": "4",
  "报价城市": "1",
  "报价耗时": 0,
  "报价请求": "未检测到报价渠道，请检查",
  "续保结果": "续保成功",
  "请求用例": "交强险",
  "请求用例id": "1"
}
[2019-12-16 22:54:42,529] - LogBug.py - 40 - root - DEBUG - 日志记录--京NB8377--交强险--{
  "保险公司": "4",
  "报价城市": "1",
  "报价耗时": 0,
  "报价请求": "未检测到报价渠道，请检查",
  "续保结果": "续保成功",
  "请求用例": "交强险",
  "请求用例id": "1"
}
[2019-12-16 22:56:22,922] - LogBug.py - 40 - root - DEBUG - 日志记录--京NB8377--交强险--{
  "保险公司": "4",
  "报价城市": "1",
  "报价耗时": 0,
  "报价请求": "未检测到报价渠道，请检查",
  "续保结果": "续保成功",
  "请求用例": "交强险",
  "请求用例id": "1"
}
[2019-12-16 22:56:22,948] - LogBug.py - 40 - root - DEBUG - 日志记录--京NB8377--交强险--{
  "保险公司": "4",
  "报价城市": "1",
  "报价耗时": 0,
  "报价请求": "未检测到报价渠道，请检查",
  "续保结果": "续保成功",
  "请求用例": "交强险",
  "请求用例id": "1"
}
[2019-12-16 22:58:51,312] - LogBug.py - 40 - root - DEBUG - 日志记录--京NB8377--交强险--{
  "保险公司": "1",
  "报价城市": "1",
  "报价耗时": 0,
  "报价请求": "未检测到报价渠道，请检查",
  "续保结果": "续保成功",
  "请求用例": "交强险",
  "请求用例id": "1"
}
[2019-12-16 22:58:51,326] - LogBug.py - 40 - root - DEBUG - 日志记录--京NB8377--交强险--{
  "保险公司": "1",
  "报价城市": "1",
  "报价耗时": 0,
  "报价请求": "未检测到报价渠道，请检查",
  "续保结果": "续保成功",
  "请求用例": "交强险",
  "请求用例id": "1"
}
[2019-12-16 23:08:24,671] - LogBug.py - 40 - root - DEBUG - 日志记录--京NB8377--交强险--{
  "保险公司": "1",
  "报价城市": "1",
  "报价耗时": 0,
  "报价请求": "未检测到报价渠道，请检查",
  "续保结果": "续保成功",
  "请求用例": "交强险",
  "请求用例id": "1"
}
[2019-12-16 23:08:24,686] - LogBug.py - 40 - root - DEBUG - 日志记录--京NB8377--交强险--{
  "保险公司": "1",
  "报价城市": "1",
  "报价耗时": 0,
  "报价请求": "未检测到报价渠道，请检查",
  "续保结果": "续保成功",
  "请求用例": "交强险",
  "请求用例id": "1"
}
[2019-12-16 23:09:02,817] - LogBug.py - 40 - root - DEBUG - 日志记录--京NB8377--交强险--{
  "保险公司": "1",
  "报价城市": "1",
  "报价耗时": 0,
  "报价请求": "未检测到报价渠道，请检查",
  "续保结果": "续保成功",
  "请求用例": "交强险",
  "请求用例id": "1"
}
[2019-12-16 23:09:02,843] - LogBug.py - 40 - root - DEBUG - 日志记录--京NB8377--交强险--{
  "保险公司": "1",
  "报价城市": "1",
  "报价耗时": 0,
  "报价请求": "未检测到报价渠道，请检查",
  "续保结果": "续保成功",
  "请求用例": "交强险",
  "请求用例id": "1"
}
[2019-12-16 23:09:29,372] - LogBug.py - 40 - root - DEBUG - 日志记录--京NB8377--交强险--{
  "保险公司": "1",
  "报价城市": "1",
  "报价耗时": 0,
  "报价请求": "未检测到报价渠道，请检查",
  "续保结果": "续保成功",
  "请求用例": "交强险",
  "请求用例id": "1"
}
[2019-12-16 23:09:29,680] - LogBug.py - 40 - root - DEBUG - 日志记录--京NB8377--交强险--{
  "保险公司": "1",
  "报价城市": "1",
  "报价耗时": 0,
  "报价请求": "未检测到报价渠道，请检查",
  "续保结果": "续保成功",
  "请求用例": "交强险",
  "请求用例id": "1"
}
[2019-12-16 23:09:30,301] - LogBug.py - 40 - root - DEBUG - 日志记录--京NB8377--交强险--{
  "保险公司": "1",
  "报价城市": "1",
  "报价耗时": 0,
  "报价请求": "未检测到报价渠道，请检查",
  "续保结果": "续保成功",
  "请求用例": "交强险",
  "请求用例id": "1"
}
[2019-12-16 23:09:30,315] - LogBug.py - 40 - root - DEBUG - 日志记录--京NB8377--交强险--{
  "保险公司": "1",
  "报价城市": "1",
  "报价耗时": 0,
  "报价请求": "未检测到报价渠道，请检查",
  "续保结果": "续保成功",
  "请求用例": "交强险",
  "请求用例id": "1"
}
[2019-12-16 23:09:30,322] - LogBug.py - 40 - root - DEBUG - 日志记录--京NB8377--交强险--{
  "保险公司": "1",
  "报价城市": "1",
  "报价耗时": 0,
  "报价请求": "未检测到报价渠道，请检查",
  "续保结果": "续保成功",
  "请求用例": "交强险",
  "请求用例id": "1"
}
[2019-12-16 23:09:30,658] - LogBug.py - 40 - root - DEBUG - 日志记录--京NB8377--交强险--{
  "保险公司": "1",
  "报价城市": "1",
  "报价耗时": 0,
  "报价请求": "未检测到报价渠道，请检查",
  "续保结果": "续保成功",
  "请求用例": "交强险",
  "请求用例id": "1"
}
[2019-12-16 23:09:31,293] - LogBug.py - 40 - root - DEBUG - 日志记录--京NB8377--交强险--{
  "保险公司": "1",
  "报价城市": "1",
  "报价耗时": 0,
  "报价请求": "未检测到报价渠道，请检查",
  "续保结果": "续保成功",
  "请求用例": "交强险",
  "请求用例id": "1"
}
[2019-12-16 23:09:31,321] - LogBug.py - 40 - root - DEBUG - 日志记录--京NB8377--交强险--{
  "保险公司": "1",
  "报价城市": "1",
  "报价耗时": 0,
  "报价请求": "未检测到报价渠道，请检查",
  "续保结果": "续保成功",
  "请求用例": "交强险",
  "请求用例id": "1"
}
[2019-12-16 23:09:54,290] - LogBug.py - 40 - root - DEBUG - 日志记录--京NB8377--交强险--{
  "保险公司": "1",
  "报价城市": "1",
  "报价耗时": 0,
  "报价请求": "未检测到报价渠道，请检查",
  "续保结果": "续保成功",
  "请求用例": "交强险",
  "请求用例id": "1"
}
[2019-12-16 23:09:54,913] - LogBug.py - 40 - root - DEBUG - 日志记录--京NB8377--交强险--{
  "保险公司": "1",
  "报价城市": "1",
  "报价耗时": 0,
  "报价请求": "未检测到报价渠道，请检查",
  "续保结果": "续保成功",
  "请求用例": "交强险",
  "请求用例id": "1"
}
[2019-12-16 23:09:55,262] - LogBug.py - 40 - root - DEBUG - 日志记录--京NB8377--交强险--{
  "保险公司": "1",
  "报价城市": "1",
  "报价耗时": 0,
  "报价请求": "未检测到报价渠道，请检查",
  "续保结果": "续保成功",
  "请求用例": "交强险",
  "请求用例id": "1"
}
[2019-12-16 23:09:55,280] - LogBug.py - 40 - root - DEBUG - 日志记录--京NB8377--交强险--{
  "保险公司": "1",
  "报价城市": "1",
  "报价耗时": 0,
  "报价请求": "未检测到报价渠道，请检查",
  "续保结果": "续保成功",
  "请求用例": "交强险",
  "请求用例id": "1"
}
[2019-12-16 23:10:08,708] - LogBug.py - 40 - root - DEBUG - 日志记录--京NB8377--交强险--{
  "保险公司": "1",
  "报价城市": "1",
  "报价耗时": 0,
  "报价请求": "未检测到报价渠道，请检查",
  "续保结果": "续保成功",
  "请求用例": "交强险",
  "请求用例id": "1"
}
[2019-12-16 23:10:09,081] - LogBug.py - 40 - root - DEBUG - 日志记录--京NB8377--交强险--{
  "保险公司": "1",
  "报价城市": "1",
  "报价耗时": 0,
  "报价请求": "未检测到报价渠道，请检查",
  "续保结果": "续保成功",
  "请求用例": "交强险",
  "请求用例id": "1"
}
[2019-12-16 23:10:09,836] - LogBug.py - 40 - root - DEBUG - 日志记录--京NB8377--交强险--{
  "保险公司": "1",
  "报价城市": "1",
  "报价耗时": 0,
  "报价请求": "未检测到报价渠道，请检查",
  "续保结果": "续保成功",
  "请求用例": "交强险",
  "请求用例id": "1"
}
[2019-12-16 23:10:09,863] - LogBug.py - 40 - root - DEBUG - 日志记录--京NB8377--交强险--{
  "保险公司": "1",
  "报价城市": "1",
  "报价耗时": 0,
  "报价请求": "未检测到报价渠道，请检查",
  "续保结果": "续保成功",
  "请求用例": "交强险",
  "请求用例id": "1"
}
[2019-12-16 23:10:12,829] - LogBug.py - 40 - root - DEBUG - 日志记录--京NB8377--交强险--{
  "保险公司": "1",
  "报价城市": "1",
  "报价耗时": 0,
  "报价请求": "未检测到报价渠道，请检查",
  "续保结果": "续保成功",
  "请求用例": "交强险",
  "请求用例id": "1"
}
[2019-12-16 23:10:13,655] - LogBug.py - 40 - root - DEBUG - 日志记录--京NB8377--交强险--{
  "保险公司": "1",
  "报价城市": "1",
  "报价耗时": 0,
  "报价请求": "未检测到报价渠道，请检查",
  "续保结果": "续保成功",
  "请求用例": "交强险",
  "请求用例id": "1"
}
[2019-12-16 23:10:14,026] - LogBug.py - 40 - root - DEBUG - 日志记录--京NB8377--交强险--{
  "保险公司": "1",
  "报价城市": "1",
  "报价耗时": 0,
  "报价请求": "未检测到报价渠道，请检查",
  "续保结果": "续保成功",
  "请求用例": "交强险",
  "请求用例id": "1"
}
[2019-12-16 23:10:14,045] - LogBug.py - 40 - root - DEBUG - 日志记录--京NB8377--交强险--{
  "保险公司": "1",
  "报价城市": "1",
  "报价耗时": 0,
  "报价请求": "未检测到报价渠道，请检查",
  "续保结果": "续保成功",
  "请求用例": "交强险",
  "请求用例id": "1"
}
[2019-12-16 23:10:17,029] - LogBug.py - 40 - root - DEBUG - 日志记录--京NB8377--交强险--{
  "保险公司": "1",
  "报价城市": "1",
  "报价耗时": 0,
  "报价请求": "未检测到报价渠道，请检查",
  "续保结果": "续保成功",
  "请求用例": "交强险",
  "请求用例id": "1"
}
[2019-12-16 23:10:17,393] - LogBug.py - 40 - root - DEBUG - 日志记录--京NB8377--交强险--{
  "保险公司": "1",
  "报价城市": "1",
  "报价耗时": 0,
  "报价请求": "未检测到报价渠道，请检查",
  "续保结果": "续保成功",
  "请求用例": "交强险",
  "请求用例id": "1"
}
[2019-12-16 23:10:18,391] - LogBug.py - 40 - root - DEBUG - 日志记录--京NB8377--交强险--{
  "保险公司": "1",
  "报价城市": "1",
  "报价耗时": 0,
  "报价请求": "未检测到报价渠道，请检查",
  "续保结果": "续保成功",
  "请求用例": "交强险",
  "请求用例id": "1"
}
[2019-12-16 23:10:18,413] - LogBug.py - 40 - root - DEBUG - 日志记录--京NB8377--交强险--{
  "保险公司": "1",
  "报价城市": "1",
  "报价耗时": 0,
  "报价请求": "未检测到报价渠道，请检查",
  "续保结果": "续保成功",
  "请求用例": "交强险",
  "请求用例id": "1"
}
[2019-12-16 23:11:25,576] - LogBug.py - 40 - root - DEBUG - 日志记录--京NB8377--交强险--{
  "保险公司": "1",
  "报价城市": "1",
  "报价耗时": 0,
  "报价请求": "未检测到报价渠道，请检查",
  "续保结果": "续保成功",
  "请求用例": "交强险",
  "请求用例id": "1"
}
[2019-12-16 23:11:27,049] - LogBug.py - 40 - root - DEBUG - 日志记录--京NB8377--交强险--{
  "保险公司": "1",
  "报价城市": "1",
  "报价耗时": 1,
  "报价请求": "未检测到报价渠道，请检查",
  "续保结果": "续保成功",
  "请求用例": "交强险",
  "请求用例id": "1"
}
[2019-12-16 23:11:27,458] - LogBug.py - 40 - root - DEBUG - 日志记录--京NB8377--交强险--{
  "保险公司": "1",
  "报价城市": "1",
  "报价耗时": 0,
  "报价请求": "未检测到报价渠道，请检查",
  "续保结果": "续保成功",
  "请求用例": "交强险",
  "请求用例id": "1"
}
[2019-12-16 23:11:27,473] - LogBug.py - 40 - root - DEBUG - 日志记录--京NB8377--交强险--{
  "保险公司": "1",
  "报价城市": "1",
  "报价耗时": 0,
  "报价请求": "未检测到报价渠道，请检查",
  "续保结果": "续保成功",
  "请求用例": "交强险",
  "请求用例id": "1"
}
[2019-12-16 23:11:33,259] - LogBug.py - 40 - root - DEBUG - 日志记录--京NB8377--交强险--{
  "保险公司": "1",
  "报价城市": "1",
  "报价耗时": 0,
  "报价请求": "未检测到报价渠道，请检查",
  "续保结果": "续保成功",
  "请求用例": "交强险",
  "请求用例id": "1"
}
[2019-12-16 23:11:33,635] - LogBug.py - 40 - root - DEBUG - 日志记录--京NB8377--交强险--{
  "保险公司": "1",
  "报价城市": "1",
  "报价耗时": 0,
  "报价请求": "未检测到报价渠道，请检查",
  "续保结果": "续保成功",
  "请求用例": "交强险",
  "请求用例id": "1"
}
[2019-12-16 23:11:34,329] - LogBug.py - 40 - root - DEBUG - 日志记录--京NB8377--交强险--{
  "保险公司": "1",
  "报价城市": "1",
  "报价耗时": 0,
  "报价请求": "未检测到报价渠道，请检查",
  "续保结果": "续保成功",
  "请求用例": "交强险",
  "请求用例id": "1"
}
[2019-12-16 23:11:34,348] - LogBug.py - 40 - root - DEBUG - 日志记录--京NB8377--交强险--{
  "保险公司": "1",
  "报价城市": "1",
  "报价耗时": 0,
  "报价请求": "未检测到报价渠道，请检查",
  "续保结果": "续保成功",
  "请求用例": "交强险",
  "请求用例id": "1"
}
[2019-12-16 23:12:43,762] - LogBug.py - 40 - root - DEBUG - 日志记录--京NB8377--交强险--{
  "保险公司": "1",
  "报价城市": "1",
  "报价耗时": 0,
  "报价请求": "未检测到报价渠道，请检查",
  "续保结果": "续保成功",
  "请求用例": "交强险",
  "请求用例id": "1"
}
[2019-12-16 23:12:44,337] - LogBug.py - 40 - root - DEBUG - 日志记录--京NB8377--交强险--{
  "保险公司": "1",
  "报价城市": "1",
  "报价耗时": 0,
  "报价请求": "未检测到报价渠道，请检查",
  "续保结果": "续保成功",
  "请求用例": "交强险",
  "请求用例id": "1"
}
[2019-12-16 23:12:48,430] - LogBug.py - 40 - root - DEBUG - 日志记录--京NB8377--交强险--{
  "保险公司": "1",
  "报价城市": "1",
  "报价耗时": 1,
  "报价请求": "未检测到报价渠道，请检查",
  "续保结果": "续保成功",
  "请求用例": "交强险",
  "请求用例id": "1"
}
[2019-12-16 23:12:48,447] - LogBug.py - 40 - root - DEBUG - 日志记录--京NB8377--交强险--{
  "保险公司": "1",
  "报价城市": "1",
  "报价耗时": 1,
  "报价请求": "未检测到报价渠道，请检查",
  "续保结果": "续保成功",
  "请求用例": "交强险",
  "请求用例id": "1"
}
