[2020-01-06 15:06:32,014] - Log.py - 38 - root - INFO - 日志记录--险种对比成功---粤SV3N83--单商业  （基本险（车损、三者、司机座位、乘客座位、盗抢）+附加险（划痕、玻璃(国产)、自燃损失、涉水、车损无发找第三方、指定修理厂(国产)）+不计免赔）--{
  "BuJiMianCheSun": {
    "BaoE": 1,
    "BaoFei": 49.16
  },
  "BuJiMianChengKe": {
    "BaoE": 1,
    "BaoFei": 1.76
  },
  "BuJiMianDaoQiang": {
    "BaoE": 1,
    "BaoFei": 0
  },
  "BuJiMianHuaHen": {
    "BaoE": 1,
    "BaoFei": 49.58
  },
  "BuJiMianSanZhe": {
    "BaoE": 1,
    "BaoFei": 125.67
  },
  "BuJiMianSheShui": {
    "BaoE": 1,
    "BaoFei": 6.91
  },
  "BuJiMianSiJi": {
    "BaoE": 1,
    "BaoFei": 0.68
  },
  "BuJiMianZiRan": {
    "BaoE": 1,
    "BaoFei": 14.76
  },
  "CheSun": {
    "BaoE": 68066.39,
    "BaoFei": 921.89
  },
  "ChengKe": {
    "BaoE": 2000,
    "BaoFei": 11.71
  },
  "DaoQiang": {
    "BaoE": 68066.39,
    "BaoFei": 245.77
  },
  "HcSanFangTeYue": {
    "BaoE": 1,
    "BaoFei": 23.05
  },
  "HcXiuLiChang": {
    "BaoE": 0.3,
    "BaoFei": 92.19
  },
  "HuaHen": {
    "BaoE": 2000,
    "BaoFei": 330.56
  },
  "SanZhe": {
    "BaoE": 500000,
    "BaoFei": 837.78
  },
  "SheShui": {
    "BaoE": 1,
    "BaoFei": 46.09
  },
  "SiJi": {
    "BaoE": 2000,
    "BaoFei": 4.55
  },
  "ZiRan": {
    "BaoE": 68066.39,
    "BaoFei": 73.77
  },
  "交强": 0,
  "交强起保时间": "",
  "保险公司": "4",
  "商业": 3076.9,
  "商业起保时间": "2020-01-18",
  "报价城市": "20",
  "报价状态": "报价成功",
  "报价耗时": 0,
  "报价请求": "请求发送成功",
  "续保结果": "续保成功",
  "获取结果": "此单符合续保条件，已按照续保流程处理，请核对信息：上年保单号PDAA201944190000029384,发动机号F794340,车架号LFMAP86CXG0174911,Vin码LFMAP86CXG0174911,号牌种类小型汽车号牌,号牌底色蓝。根据国家法律规定，请同时投保交强险",
  "请求用例": "单商业  （基本险（车损、三者、司机座位、乘客座位、盗抢）+附加险（划痕、玻璃(国产)、自燃损失、涉水、车损无发找第三方、指定修理厂(国产)）+不计免赔）",
  "请求用例id": "4",
  "车船": 0
}
[2020-01-06 15:07:05,778] - Log.py - 38 - root - INFO - 日志记录--险种对比成功---粤SV0K03--单商业  （基本险（车损、三者、司机座位、乘客座位、盗抢）+附加险（划痕、玻璃(国产)、自燃损失、涉水、车损无发找第三方、指定修理厂(国产)）+不计免赔）--{
  "BuJiMianCheSun": {
    "BaoE": 1,
    "BaoFei": 61.31
  },
  "BuJiMianChengKe": {
    "BaoE": 1,
    "BaoFei": 2.98
  },
  "BuJiMianDaoQiang": {
    "BaoE": 1,
    "BaoFei": 0
  },
  "BuJiMianHuaHen": {
    "BaoE": 1,
    "BaoFei": 58.33
  },
  "BuJiMianSanZhe": {
    "BaoE": 1,
    "BaoFei": 129.29
  },
  "BuJiMianSheShui": {
    "BaoE": 1,
    "BaoFei": 9.08
  },
  "BuJiMianSiJi": {
    "BaoE": 1,
    "BaoFei": 0.77
  },
  "BuJiMianZiRan": {
    "BaoE": 1,
    "BaoFei": 19.76
  },
  "CheSun": {
    "BaoE": 77472.2,
    "BaoFei": 1211.38
  },
  "ChengKe": {
    "BaoE": 2000,
    "BaoFei": 19.89
  },
  "DaoQiang": {
    "BaoE": 77472.2,
    "BaoFei": 306.56
  },
  "HcSanFangTeYue": {
    "BaoE": 1,
    "BaoFei": 30.29
  },
  "HcXiuLiChang": {
    "BaoE": 0.3,
    "BaoFei": 121.14
  },
  "HuaHen": {
    "BaoE": 2000,
    "BaoFei": 388.88
  },
  "SanZhe": {
    "BaoE": 500000,
    "BaoFei": 861.9
  },
  "SheShui": {
    "BaoE": 1,
    "BaoFei": 60.57
  },
  "SiJi": {
    "BaoE": 2000,
    "BaoFei": 5.1
  },
  "ZiRan": {
    "BaoE": 77472.2,
    "BaoFei": 98.77
  },
  "交强": 0,
  "交强起保时间": "",
  "保险公司": "4",
  "商业": 3705.28,
  "商业起保时间": "2020-01-07",
  "报价城市": "20",
  "报价状态": "报价成功",
  "报价耗时": 0,
  "报价请求": "请求发送成功",
  "续保结果": "续保成功",
  "获取结果": "该车辆商业险保险期间与现存有效保单重复投保，系统建议将起保日期调整为2020-01-12 00时00分请确认是否调整？与其重复投保的有效保单概要信息如下：重复投保单号: ADNGJQDY1418B002425X保险公司名称: 中国太平洋财产保险股份有限公司险种信息: 1 车上人员责任险（司机）2 不计免赔险（盗抢险）3 车上人员责任险（乘客）4 第三者责任保险5 不计免赔险（车上人员（乘客））6 玻璃单独破碎险7 不计免赔险（三者险）8 机动车损失保险9 机动车损失保险无法找到第三方特约险10 不计免赔险（车上人员（司机））11 盗抢险12 不计免赔险（车损险）号牌号码: 粤SV0K03号牌种类代码: 02号牌底色: 01车架号/VIN码: LC0CG4CG5F1115324发动机号: A15086311发动机号: A15086311起保日期: 2019-01-12 00:00:00终保日期: 2020-01-12 00:00:00签单日期: 2018-12-26 00:00:00",
  "请求用例": "单商业  （基本险（车损、三者、司机座位、乘客座位、盗抢）+附加险（划痕、玻璃(国产)、自燃损失、涉水、车损无发找第三方、指定修理厂(国产)）+不计免赔）",
  "请求用例id": "4",
  "车船": 0
}
[2020-01-06 15:07:39,732] - Log.py - 38 - root - INFO - 日志记录--险种对比成功---粤B8C819--单商业  （基本险（车损、三者、司机座位、乘客座位、盗抢）+附加险（划痕、玻璃(国产)、自燃损失、涉水、车损无发找第三方、指定修理厂(国产)）+不计免赔）--{
  "BuJiMianCheSun": {
    "BaoE": 1,
    "BaoFei": 16
  },
  "BuJiMianChengKe": {
    "BaoE": 1,
    "BaoFei": 1.24
  },
  "BuJiMianDaoQiang": {
    "BaoE": 1,
    "BaoFei": 0
  },
  "BuJiMianHuaHen": {
    "BaoE": 1,
    "BaoFei": 35
  },
  "BuJiMianSanZhe": {
    "BaoE": 1,
    "BaoFei": 88.7
  },
  "BuJiMianSheShui": {
    "BaoE": 1,
    "BaoFei": 4.31
  },
  "BuJiMianSiJi": {
    "BaoE": 1,
    "BaoFei": 0.48
  },
  "BuJiMianZiRan": {
    "BaoE": 1,
    "BaoFei": 6.96
  },
  "CheSun": {
    "BaoE": 18200,
    "BaoFei": 574.9
  },
  "ChengKe": {
    "BaoE": 2000,
    "BaoFei": 8.26
  },
  "DaoQiang": {
    "BaoE": 18200,
    "BaoFei": 80.01
  },
  "HcSanFangTeYue": {
    "BaoE": 1,
    "BaoFei": 14.37
  },
  "HcXiuLiChang": {
    "BaoE": 0.3,
    "BaoFei": 57.49
  },
  "HuaHen": {
    "BaoE": 2000,
    "BaoFei": 233.33
  },
  "SanZhe": {
    "BaoE": 500000,
    "BaoFei": 591.35
  },
  "SheShui": {
    "BaoE": 1,
    "BaoFei": 28.74
  },
  "SiJi": {
    "BaoE": 2000,
    "BaoFei": 3.21
  },
  "ZiRan": {
    "BaoE": 18200,
    "BaoFei": 34.81
  },
  "交强": 0,
  "交强起保时间": "",
  "保险公司": "4",
  "商业": 1935.01,
  "商业起保时间": "2020-01-19",
  "报价城市": "20",
  "报价状态": "报价成功",
  "报价耗时": 0,
  "报价请求": "请求发送成功",
  "续保结果": "续保成功",
  "获取结果": "此单符合续保条件，已按照续保流程处理，请核对信息：上年保单号PDAA201944190000035827,发动机号7B303824,车架号LBEXDAFB77X562154,Vin码LBEXDAFB77X562154,号牌种类小型汽车号牌,号牌底色蓝。根据国家法律规定，请同时投保交强险",
  "请求用例": "单商业  （基本险（车损、三者、司机座位、乘客座位、盗抢）+附加险（划痕、玻璃(国产)、自燃损失、涉水、车损无发找第三方、指定修理厂(国产)）+不计免赔）",
  "请求用例id": "4",
  "车船": 0
}
